# JRE version: Java(TM) SE Runtime Environment (21.0.5+9) (build 21.0.5+9-LTS-239)
# Java VM: Java HotSpot(TM) 64-Bit Server VM (21.0.5+9-LTS-239, mixed mode, sharing, tiered, compressed oops, compressed class ptrs, g1 gc, windows-amd64)
GC Precious Log:
 CardTable entry size: 512
 Card Set container configuration: InlinePtr #cards 4 size 8 Array Of Cards #cards 16 size 48 Howl #buckets 8 coarsen threshold 3686 Howl Bitmap #cards 512 size 80 coarsen threshold 460 Card regions per heap region 1 cards per card region 4096
 CPUs: 8 total, 8 available
 Memory: 12010M
 Large Page Support: Disabled
 NUMA Support: Disabled
 Compressed Oops: Enabled (Zero based)
 Heap Region Size: 2M
 Heap Min Capacity: 8M
 Heap Initial Capacity: 188M
 Heap Max Capacity: 3004M
 Pre-touch: Disabled
 Parallel Workers: 8
 Concurrent Workers: 2
 Concurrent Refinement Workers: 8
 Periodic GC: Disabled
Heap:
 garbage-first heap   total 69632K, used 53466K [0x0000000744400000, 0x0000000800000000)
  region size 2048K, 13 young (26624K), 0 survivors (0K)
 Metaspace       used 82948K, committed 83776K, reserved 1179648K
  class space    used 10856K, committed 11200K, reserved 1048576K
GC Heap History (20 events):
Event: 77.396 GC heap before
{Heap before GC invocations=24 (full 1):
 garbage-first heap   total 61440K, used 50137K [0x0000000744400000, 0x0000000800000000)
  region size 2048K, 10 young (20480K), 1 survivors (2048K)
 Metaspace       used 79608K, committed 80384K, reserved 1179648K
  class space    used 10643K, committed 10944K, reserved 1048576K
}
Event: 77.397 GC heap after
{Heap after GC invocations=25 (full 1):
 garbage-first heap   total 61440K, used 33126K [0x0000000744400000, 0x0000000800000000)
  region size 2048K, 2 young (4096K), 2 survivors (4096K)
 Metaspace       used 79608K, committed 80384K, reserved 1179648K
  class space    used 10643K, committed 10944K, reserved 1048576K
}
Event: 77.586 GC heap before
{Heap before GC invocations=25 (full 1):
 garbage-first heap   total 61440K, used 49510K [0x0000000744400000, 0x0000000800000000)
  region size 2048K, 10 young (20480K), 2 survivors (4096K)
 Metaspace       used 80321K, committed 81088K, reserved 1179648K
  class space    used 10682K, committed 11008K, reserved 1048576K
}
Event: 77.588 GC heap after
{Heap after GC invocations=26 (full 1):
 garbage-first heap   total 61440K, used 34640K [0x0000000744400000, 0x0000000800000000)
  region size 2048K, 2 young (4096K), 2 survivors (4096K)
 Metaspace       used 80321K, committed 81088K, reserved 1179648K
  class space    used 10682K, committed 11008K, reserved 1048576K
}
Event: 77.718 GC heap before
{Heap before GC invocations=27 (full 1):
 garbage-first heap   total 69632K, used 46928K [0x0000000744400000, 0x0000000800000000)
  region size 2048K, 8 young (16384K), 2 survivors (4096K)
 Metaspace       used 80399K, committed 81152K, reserved 1179648K
  class space    used 10685K, committed 11008K, reserved 1048576K
}
Event: 77.720 GC heap after
{Heap after GC invocations=28 (full 1):
 garbage-first heap   total 69632K, used 35681K [0x0000000744400000, 0x0000000800000000)
  region size 2048K, 1 young (2048K), 1 survivors (2048K)
 Metaspace       used 80399K, committed 81152K, reserved 1179648K
  class space    used 10685K, committed 11008K, reserved 1048576K
}
Event: 201.548 GC heap before
{Heap before GC invocations=28 (full 1):
 garbage-first heap   total 69632K, used 54113K [0x0000000744400000, 0x0000000800000000)
  region size 2048K, 11 young (22528K), 1 survivors (2048K)
 Metaspace       used 80607K, committed 81344K, reserved 1179648K
  class space    used 10690K, committed 11008K, reserved 1048576K
}
Event: 201.618 GC heap after
{Heap after GC invocations=29 (full 2):
 garbage-first heap   total 69632K, used 28305K [0x0000000744400000, 0x0000000800000000)
  region size 2048K, 0 young (0K), 0 survivors (0K)
 Metaspace       used 80580K, committed 81344K, reserved 1179648K
  class space    used 10686K, committed 11008K, reserved 1048576K
}
Event: 202.094 GC heap before
{Heap before GC invocations=29 (full 2):
 garbage-first heap   total 69632K, used 59025K [0x0000000744400000, 0x0000000800000000)
  region size 2048K, 15 young (30720K), 0 survivors (0K)
 Metaspace       used 80965K, committed 81728K, reserved 1179648K
  class space    used 10712K, committed 11072K, reserved 1048576K
}
Event: 202.096 GC heap after
{Heap after GC invocations=30 (full 2):
 garbage-first heap   total 69632K, used 31319K [0x0000000744400000, 0x0000000800000000)
  region size 2048K, 2 young (4096K), 2 survivors (4096K)
 Metaspace       used 80965K, committed 81728K, reserved 1179648K
  class space    used 10712K, committed 11072K, reserved 1048576K
}
Event: 211.069 GC heap before
{Heap before GC invocations=30 (full 2):
 garbage-first heap   total 69632K, used 55895K [0x0000000744400000, 0x0000000800000000)
  region size 2048K, 15 young (30720K), 2 survivors (4096K)
 Metaspace       used 81370K, committed 82112K, reserved 1179648K
  class space    used 10756K, committed 11072K, reserved 1048576K
}
Event: 211.071 GC heap after
{Heap after GC invocations=31 (full 2):
 garbage-first heap   total 69632K, used 31454K [0x0000000744400000, 0x0000000800000000)
  region size 2048K, 2 young (4096K), 2 survivors (4096K)
 Metaspace       used 81370K, committed 82112K, reserved 1179648K
  class space    used 10756K, committed 11072K, reserved 1048576K
}
Event: 211.289 GC heap before
{Heap before GC invocations=31 (full 2):
 garbage-first heap   total 69632K, used 53982K [0x0000000744400000, 0x0000000800000000)
  region size 2048K, 14 young (28672K), 2 survivors (4096K)
 Metaspace       used 81578K, committed 82368K, reserved 1179648K
  class space    used 10768K, committed 11136K, reserved 1048576K
}
Event: 211.292 GC heap after
{Heap after GC invocations=32 (full 2):
 garbage-first heap   total 69632K, used 33251K [0x0000000744400000, 0x0000000800000000)
  region size 2048K, 2 young (4096K), 2 survivors (4096K)
 Metaspace       used 81578K, committed 82368K, reserved 1179648K
  class space    used 10768K, committed 11136K, reserved 1048576K
}
Event: 211.775 GC heap before
{Heap before GC invocations=33 (full 2):
 garbage-first heap   total 69632K, used 55779K [0x0000000744400000, 0x0000000800000000)
  region size 2048K, 13 young (26624K), 2 survivors (4096K)
 Metaspace       used 82044K, committed 82816K, reserved 1179648K
  class space    used 10794K, committed 11136K, reserved 1048576K
}
Event: 211.780 GC heap after
{Heap after GC invocations=34 (full 2):
 garbage-first heap   total 69632K, used 35034K [0x0000000744400000, 0x0000000800000000)
  region size 2048K, 1 young (2048K), 1 survivors (2048K)
 Metaspace       used 82044K, committed 82816K, reserved 1179648K
  class space    used 10794K, committed 11136K, reserved 1048576K
}
Event: 212.085 GC heap before
{Heap before GC invocations=34 (full 2):
 garbage-first heap   total 69632K, used 59610K [0x0000000744400000, 0x0000000800000000)
  region size 2048K, 13 young (26624K), 1 survivors (2048K)
 Metaspace       used 82655K, committed 83456K, reserved 1179648K
  class space    used 10832K, committed 11200K, reserved 1048576K
}
Event: 212.088 GC heap after
{Heap after GC invocations=35 (full 2):
 garbage-first heap   total 69632K, used 36342K [0x0000000744400000, 0x0000000800000000)
  region size 2048K, 2 young (4096K), 2 survivors (4096K)
 Metaspace       used 82655K, committed 83456K, reserved 1179648K
  class space    used 10832K, committed 11200K, reserved 1048576K
}
Event: 220.761 GC heap before
{Heap before GC invocations=35 (full 2):
 garbage-first heap   total 69632K, used 46582K [0x0000000744400000, 0x0000000800000000)
  region size 2048K, 8 young (16384K), 2 survivors (4096K)
 Metaspace       used 82728K, committed 83520K, reserved 1179648K
  class space    used 10835K, committed 11200K, reserved 1048576K
}
Event: 220.818 GC heap after
{Heap after GC invocations=36 (full 3):
 garbage-first heap   total 69632K, used 28890K [0x0000000744400000, 0x0000000800000000)
  region size 2048K, 0 young (0K), 0 survivors (0K)
 Metaspace       used 82699K, committed 83520K, reserved 1179648K
  class space    used 10830K, committed 11200K, reserved 1048576K
}

